DEBUG - Values loaded from configuration file: Sheep InitPosLimit = 10.0, Sheep MoveDist = 0.5, Wolf MoveDist = 1.0
DEBUG - Sheep number: 1, Initial position: X:7.004 Y:-8.774
DEBUG - Sheep number: 2, Initial position: X:8.781 Y:6.622
DEBUG - Sheep number: 3, Initial position: X:-0.087 Y:8.186
DEBUG - Sheep number: 4, Initial position: X:-6.974 Y:1.277
DEBUG - Sheep number: 5, Initial position: X:4.446 Y:7.599
DEBUG - Sheep number: 6, Initial position: X:-3.839 Y:-0.83
DEBUG - Sheep number: 7, Initial position: X:3.034 Y:-2.316
DEBUG - Sheep number: 8, Initial position: X:-9.24 Y:-1.613
DEBUG - Sheep number: 9, Initial position: X:6.609 Y:2.397
DEBUG - Sheep number: 10, Initial position: X:9.932 Y:6.914
DEBUG - Sheep number: 11, Initial position: X:-1.123 Y:8.988
DEBUG - Sheep number: 12, Initial position: X:-7.951 Y:1.522
DEBUG - Sheep number: 13, Initial position: X:6.197 Y:1.233
DEBUG - Sheep number: 14, Initial position: X:4.802 Y:1.305
DEBUG - Sheep number: 15, Initial position: X:-7.606 Y:9.493
INFO - Initial positions of all sheep are determined
INFO - Round number: 1 started
DEBUG - Sheep number:  1, direction: north
DEBUG - Sheep number: 1, Position: X:7.004 Y:-8.274
DEBUG - Sheep number:  2, direction: north
DEBUG - Sheep number: 2, Position: X:8.781 Y:7.122
DEBUG - Sheep number:  3, direction: west
DEBUG - Sheep number: 3, Position: X:-0.587 Y:8.186
DEBUG - Sheep number:  4, direction: east
DEBUG - Sheep number: 4, Position: X:-6.474 Y:1.277
DEBUG - Sheep number:  5, direction: south
DEBUG - Sheep number: 5, Position: X:4.446 Y:7.099
DEBUG - Sheep number:  6, direction: south
DEBUG - Sheep number: 6, Position: X:-3.839 Y:-1.33
DEBUG - Sheep number:  7, direction: west
DEBUG - Sheep number: 7, Position: X:2.534 Y:-2.316
DEBUG - Sheep number:  8, direction: north
DEBUG - Sheep number: 8, Position: X:-9.24 Y:-1.113
DEBUG - Sheep number:  9, direction: west
DEBUG - Sheep number: 9, Position: X:6.109 Y:2.397
DEBUG - Sheep number:  10, direction: east
DEBUG - Sheep number: 10, Position: X:10.432 Y:6.914
DEBUG - Sheep number:  11, direction: north
DEBUG - Sheep number: 11, Position: X:-1.123 Y:9.488
DEBUG - Sheep number:  12, direction: south
DEBUG - Sheep number: 12, Position: X:-7.951 Y:1.022
DEBUG - Sheep number:  13, direction: east
DEBUG - Sheep number: 13, Position: X:6.697 Y:1.233
DEBUG - Sheep number:  14, direction: south
DEBUG - Sheep number: 14, Position: X:4.802 Y:0.805
DEBUG - Sheep number:  15, direction: north
DEBUG - Sheep number: 15, Position: X:-7.606 Y:9.993
INFO - All live sheep moved
DEBUG - New wolf position X: 1.0 Y: 0.0
INFO - The wolf moved
DEBUG - Closest sheep no: 7, distance to closest sheep: 3.433
INFO - The wolf is chasing sheep no: 7
DEBUG - Data saved to pos.json
DEBUG - Data saved to alive.csv
INFO - Number of alive sheep: 15
INFO - Round number: 2 started
DEBUG - Sheep number:  1, direction: south
DEBUG - Sheep number: 1, Position: X:7.004 Y:-8.774
DEBUG - Sheep number:  2, direction: east
DEBUG - Sheep number: 2, Position: X:9.281 Y:7.122
DEBUG - Sheep number:  3, direction: west
DEBUG - Sheep number: 3, Position: X:-1.087 Y:8.186
DEBUG - Sheep number:  4, direction: west
DEBUG - Sheep number: 4, Position: X:-6.974 Y:1.277
DEBUG - Sheep number:  5, direction: south
DEBUG - Sheep number: 5, Position: X:4.446 Y:6.599
DEBUG - Sheep number:  6, direction: north
DEBUG - Sheep number: 6, Position: X:-3.839 Y:-0.83
DEBUG - Sheep number:  7, direction: west
DEBUG - Sheep number: 7, Position: X:2.034 Y:-2.316
DEBUG - Sheep number:  8, direction: south
DEBUG - Sheep number: 8, Position: X:-9.24 Y:-1.613
DEBUG - Sheep number:  9, direction: west
DEBUG - Sheep number: 9, Position: X:5.609 Y:2.397
DEBUG - Sheep number:  10, direction: west
DEBUG - Sheep number: 10, Position: X:9.932 Y:6.914
DEBUG - Sheep number:  11, direction: south
DEBUG - Sheep number: 11, Position: X:-1.123 Y:8.988
DEBUG - Sheep number:  12, direction: west
DEBUG - Sheep number: 12, Position: X:-8.451 Y:1.022
DEBUG - Sheep number:  13, direction: west
DEBUG - Sheep number: 13, Position: X:6.197 Y:1.233
DEBUG - Sheep number:  14, direction: east
DEBUG - Sheep number: 14, Position: X:5.302 Y:0.805
DEBUG - Sheep number:  15, direction: east
DEBUG - Sheep number: 15, Position: X:-7.106 Y:9.993
INFO - All live sheep moved
DEBUG - New wolf position X: 1.0 Y: -1.0
INFO - The wolf moved
DEBUG - Closest sheep no: 7, distance to closest sheep: 2.536
INFO - The wolf is chasing sheep no: 7
DEBUG - Data saved to pos.json
DEBUG - Data saved to alive.csv
INFO - Number of alive sheep: 15
INFO - Round number: 3 started
DEBUG - Sheep number:  1, direction: west
DEBUG - Sheep number: 1, Position: X:6.504 Y:-8.774
DEBUG - Sheep number:  2, direction: west
DEBUG - Sheep number: 2, Position: X:8.781 Y:7.122
DEBUG - Sheep number:  3, direction: south
DEBUG - Sheep number: 3, Position: X:-1.087 Y:7.686
DEBUG - Sheep number:  4, direction: north
DEBUG - Sheep number: 4, Position: X:-6.974 Y:1.777
DEBUG - Sheep number:  5, direction: west
DEBUG - Sheep number: 5, Position: X:3.946 Y:6.599
DEBUG - Sheep number:  6, direction: north
DEBUG - Sheep number: 6, Position: X:-3.839 Y:-0.33
DEBUG - Sheep number:  7, direction: west
DEBUG - Sheep number: 7, Position: X:1.534 Y:-2.316
DEBUG - Sheep number:  8, direction: north
DEBUG - Sheep number: 8, Position: X:-9.24 Y:-1.113
DEBUG - Sheep number:  9, direction: south
DEBUG - Sheep number: 9, Position: X:5.609 Y:1.897
DEBUG - Sheep number:  10, direction: east
DEBUG - Sheep number: 10, Position: X:10.432 Y:6.914
DEBUG - Sheep number:  11, direction: west
DEBUG - Sheep number: 11, Position: X:-1.623 Y:8.988
DEBUG - Sheep number:  12, direction: south
DEBUG - Sheep number: 12, Position: X:-8.451 Y:0.522
DEBUG - Sheep number:  13, direction: east
DEBUG - Sheep number: 13, Position: X:6.697 Y:1.233
DEBUG - Sheep number:  14, direction: north
DEBUG - Sheep number: 14, Position: X:5.302 Y:1.305
DEBUG - Sheep number:  15, direction: south
DEBUG - Sheep number: 15, Position: X:-7.106 Y:9.493
INFO - All live sheep moved
DEBUG - New wolf position X: 1.0 Y: -2.0
INFO - The wolf moved
DEBUG - Closest sheep no: 7, distance to closest sheep: 1.42
INFO - The wolf is chasing sheep no: 7
DEBUG - Data saved to pos.json
DEBUG - Data saved to alive.csv
INFO - Number of alive sheep: 15
INFO - Round number: 4 started
DEBUG - Sheep number:  1, direction: north
DEBUG - Sheep number: 1, Position: X:6.504 Y:-8.274
DEBUG - Sheep number:  2, direction: north
DEBUG - Sheep number: 2, Position: X:8.781 Y:7.622
DEBUG - Sheep number:  3, direction: east
DEBUG - Sheep number: 3, Position: X:-0.587 Y:7.686
DEBUG - Sheep number:  4, direction: north
DEBUG - Sheep number: 4, Position: X:-6.974 Y:2.277
DEBUG - Sheep number:  5, direction: south
DEBUG - Sheep number: 5, Position: X:3.946 Y:6.099
DEBUG - Sheep number:  6, direction: south
DEBUG - Sheep number: 6, Position: X:-3.839 Y:-0.83
DEBUG - Sheep number:  7, direction: west
DEBUG - Sheep number: 7, Position: X:1.034 Y:-2.316
DEBUG - Sheep number:  8, direction: east
DEBUG - Sheep number: 8, Position: X:-8.74 Y:-1.113
DEBUG - Sheep number:  9, direction: north
DEBUG - Sheep number: 9, Position: X:5.609 Y:2.397
DEBUG - Sheep number:  10, direction: north
DEBUG - Sheep number: 10, Position: X:10.432 Y:7.414
DEBUG - Sheep number:  11, direction: north
DEBUG - Sheep number: 11, Position: X:-1.623 Y:9.488
DEBUG - Sheep number:  12, direction: south
DEBUG - Sheep number: 12, Position: X:-8.451 Y:0.022
DEBUG - Sheep number:  13, direction: east
DEBUG - Sheep number: 13, Position: X:7.197 Y:1.233
DEBUG - Sheep number:  14, direction: east
DEBUG - Sheep number: 14, Position: X:5.802 Y:1.305
DEBUG - Sheep number:  15, direction: west
DEBUG - Sheep number: 15, Position: X:-7.606 Y:9.493
INFO - All live sheep moved
DEBUG - New wolf position X: 1.0335315849275002 Y: -2.316253263625681
INFO - The wolf moved
INFO - The wolf ate sheep no: 7
DEBUG - Data saved to pos.json
DEBUG - Data saved to alive.csv
INFO - Number of alive sheep: 14
INFO - Round number: 5 started
DEBUG - Sheep number:  1, direction: east
DEBUG - Sheep number: 1, Position: X:7.004 Y:-8.274
DEBUG - Sheep number:  2, direction: west
DEBUG - Sheep number: 2, Position: X:8.281 Y:7.622
DEBUG - Sheep number:  3, direction: north
DEBUG - Sheep number: 3, Position: X:-0.587 Y:8.186
DEBUG - Sheep number:  4, direction: south
DEBUG - Sheep number: 4, Position: X:-6.974 Y:1.777
DEBUG - Sheep number:  5, direction: north
DEBUG - Sheep number: 5, Position: X:3.946 Y:6.599
DEBUG - Sheep number:  6, direction: north
DEBUG - Sheep number: 6, Position: X:-3.839 Y:-0.33
DEBUG - Sheep number:  8, direction: south
DEBUG - Sheep number: 8, Position: X:-8.74 Y:-1.613
DEBUG - Sheep number:  9, direction: south
DEBUG - Sheep number: 9, Position: X:5.609 Y:1.897
DEBUG - Sheep number:  10, direction: south
DEBUG - Sheep number: 10, Position: X:10.432 Y:6.914
DEBUG - Sheep number:  11, direction: east
DEBUG - Sheep number: 11, Position: X:-1.123 Y:9.488
DEBUG - Sheep number:  12, direction: north
DEBUG - Sheep number: 12, Position: X:-8.451 Y:0.522
DEBUG - Sheep number:  13, direction: west
DEBUG - Sheep number: 13, Position: X:6.697 Y:1.233
DEBUG - Sheep number:  14, direction: west
DEBUG - Sheep number: 14, Position: X:5.302 Y:1.305
DEBUG - Sheep number:  15, direction: north
DEBUG - Sheep number: 15, Position: X:-7.606 Y:9.993
INFO - All live sheep moved
DEBUG - New wolf position X: 0.03353158492750019 Y: -2.316253263625681
INFO - The wolf moved
DEBUG - Closest sheep no: 6, distance to closest sheep: 5.262
INFO - The wolf is chasing sheep no: 6
DEBUG - Data saved to pos.json
DEBUG - Data saved to alive.csv
INFO - Number of alive sheep: 14
INFO - Round number: 6 started
DEBUG - Sheep number:  1, direction: north
DEBUG - Sheep number: 1, Position: X:7.004 Y:-7.774
DEBUG - Sheep number:  2, direction: north
DEBUG - Sheep number: 2, Position: X:8.281 Y:8.122
DEBUG - Sheep number:  3, direction: west
DEBUG - Sheep number: 3, Position: X:-1.087 Y:8.186
DEBUG - Sheep number:  4, direction: south
DEBUG - Sheep number: 4, Position: X:-6.974 Y:1.277
DEBUG - Sheep number:  5, direction: east
DEBUG - Sheep number: 5, Position: X:4.446 Y:6.599
DEBUG - Sheep number:  6, direction: east
DEBUG - Sheep number: 6, Position: X:-3.339 Y:-0.33
DEBUG - Sheep number:  8, direction: east
DEBUG - Sheep number: 8, Position: X:-8.24 Y:-1.613
DEBUG - Sheep number:  9, direction: west
DEBUG - Sheep number: 9, Position: X:5.109 Y:1.897
DEBUG - Sheep number:  10, direction: north
DEBUG - Sheep number: 10, Position: X:10.432 Y:7.414
DEBUG - Sheep number:  11, direction: west
DEBUG - Sheep number: 11, Position: X:-1.623 Y:9.488
DEBUG - Sheep number:  12, direction: north
DEBUG - Sheep number: 12, Position: X:-8.451 Y:1.022
DEBUG - Sheep number:  13, direction: north
DEBUG - Sheep number: 13, Position: X:6.697 Y:1.733
DEBUG - Sheep number:  14, direction: east
DEBUG - Sheep number: 14, Position: X:5.802 Y:1.305
DEBUG - Sheep number:  15, direction: north
DEBUG - Sheep number: 15, Position: X:-7.606 Y:10.493
INFO - All live sheep moved
DEBUG - New wolf position X: -0.9664684150724998 Y: -2.316253263625681
INFO - The wolf moved
DEBUG - Closest sheep no: 6, distance to closest sheep: 3.914
INFO - The wolf is chasing sheep no: 6
DEBUG - Data saved to pos.json
DEBUG - Data saved to alive.csv
INFO - Number of alive sheep: 14
INFO - Round number: 7 started
DEBUG - Sheep number:  1, direction: west
DEBUG - Sheep number: 1, Position: X:6.504 Y:-7.774
DEBUG - Sheep number:  2, direction: north
DEBUG - Sheep number: 2, Position: X:8.281 Y:8.622
DEBUG - Sheep number:  3, direction: west
DEBUG - Sheep number: 3, Position: X:-1.587 Y:8.186
DEBUG - Sheep number:  4, direction: north
DEBUG - Sheep number: 4, Position: X:-6.974 Y:1.777
DEBUG - Sheep number:  5, direction: south
DEBUG - Sheep number: 5, Position: X:4.446 Y:6.099
DEBUG - Sheep number:  6, direction: south
DEBUG - Sheep number: 6, Position: X:-3.339 Y:-0.83
DEBUG - Sheep number:  8, direction: east
DEBUG - Sheep number: 8, Position: X:-7.74 Y:-1.613
DEBUG - Sheep number:  9, direction: south
DEBUG - Sheep number: 9, Position: X:5.109 Y:1.397
DEBUG - Sheep number:  10, direction: east
DEBUG - Sheep number: 10, Position: X:10.932 Y:7.414
DEBUG - Sheep number:  11, direction: east
DEBUG - Sheep number: 11, Position: X:-1.123 Y:9.488
DEBUG - Sheep number:  12, direction: west
DEBUG - Sheep number: 12, Position: X:-8.951 Y:1.022
DEBUG - Sheep number:  13, direction: east
DEBUG - Sheep number: 13, Position: X:7.197 Y:1.733
DEBUG - Sheep number:  14, direction: north
DEBUG - Sheep number: 14, Position: X:5.802 Y:1.805
DEBUG - Sheep number:  15, direction: south
DEBUG - Sheep number: 15, Position: X:-7.606 Y:9.993
INFO - All live sheep moved
DEBUG - New wolf position X: -1.9664684150724998 Y: -2.316253263625681
INFO - The wolf moved
DEBUG - Closest sheep no: 6, distance to closest sheep: 2.8
INFO - The wolf is chasing sheep no: 6
DEBUG - Data saved to pos.json
DEBUG - Data saved to alive.csv
INFO - Number of alive sheep: 14
INFO - Round number: 8 started
DEBUG - Sheep number:  1, direction: south
DEBUG - Sheep number: 1, Position: X:6.504 Y:-8.274
DEBUG - Sheep number:  2, direction: north
DEBUG - Sheep number: 2, Position: X:8.281 Y:9.122
DEBUG - Sheep number:  3, direction: north
DEBUG - Sheep number: 3, Position: X:-1.587 Y:8.686
DEBUG - Sheep number:  4, direction: north
DEBUG - Sheep number: 4, Position: X:-6.974 Y:2.277
DEBUG - Sheep number:  5, direction: north
DEBUG - Sheep number: 5, Position: X:4.446 Y:6.599
DEBUG - Sheep number:  6, direction: north
DEBUG - Sheep number: 6, Position: X:-3.339 Y:-0.33
DEBUG - Sheep number:  8, direction: east
DEBUG - Sheep number: 8, Position: X:-7.24 Y:-1.613
DEBUG - Sheep number:  9, direction: north
DEBUG - Sheep number: 9, Position: X:5.109 Y:1.897
DEBUG - Sheep number:  10, direction: east
DEBUG - Sheep number: 10, Position: X:11.432 Y:7.414
DEBUG - Sheep number:  11, direction: west
DEBUG - Sheep number: 11, Position: X:-1.623 Y:9.488
DEBUG - Sheep number:  12, direction: west
DEBUG - Sheep number: 12, Position: X:-9.451 Y:1.022
DEBUG - Sheep number:  13, direction: north
DEBUG - Sheep number: 13, Position: X:7.197 Y:2.233
DEBUG - Sheep number:  14, direction: west
DEBUG - Sheep number: 14, Position: X:5.302 Y:1.805
DEBUG - Sheep number:  15, direction: west
DEBUG - Sheep number: 15, Position: X:-8.106 Y:9.993
INFO - All live sheep moved
DEBUG - New wolf position X: -1.9664684150724998 Y: -1.316253263625681
INFO - The wolf moved
DEBUG - Closest sheep no: 6, distance to closest sheep: 2.414
INFO - The wolf is chasing sheep no: 6
DEBUG - Data saved to pos.json
DEBUG - Data saved to alive.csv
INFO - Number of alive sheep: 14
INFO - Round number: 9 started
DEBUG - Sheep number:  1, direction: north
DEBUG - Sheep number: 1, Position: X:6.504 Y:-7.774
DEBUG - Sheep number:  2, direction: west
DEBUG - Sheep number: 2, Position: X:7.781 Y:9.122
DEBUG - Sheep number:  3, direction: north
DEBUG - Sheep number: 3, Position: X:-1.587 Y:9.186
DEBUG - Sheep number:  4, direction: west
DEBUG - Sheep number: 4, Position: X:-7.474 Y:2.277
DEBUG - Sheep number:  5, direction: east
DEBUG - Sheep number: 5, Position: X:4.946 Y:6.599
DEBUG - Sheep number:  6, direction: east
DEBUG - Sheep number: 6, Position: X:-2.839 Y:-0.33
DEBUG - Sheep number:  8, direction: south
DEBUG - Sheep number: 8, Position: X:-7.24 Y:-2.113
DEBUG - Sheep number:  9, direction: east
DEBUG - Sheep number: 9, Position: X:5.609 Y:1.897
DEBUG - Sheep number:  10, direction: east
DEBUG - Sheep number: 10, Position: X:11.932 Y:7.414
DEBUG - Sheep number:  11, direction: south
DEBUG - Sheep number: 11, Position: X:-1.623 Y:8.988
DEBUG - Sheep number:  12, direction: west
DEBUG - Sheep number: 12, Position: X:-9.951 Y:1.022
DEBUG - Sheep number:  13, direction: south
DEBUG - Sheep number: 13, Position: X:7.197 Y:1.733
DEBUG - Sheep number:  14, direction: east
DEBUG - Sheep number: 14, Position: X:5.802 Y:1.805
DEBUG - Sheep number:  15, direction: north
DEBUG - Sheep number: 15, Position: X:-8.106 Y:10.493
INFO - All live sheep moved
DEBUG - New wolf position X: -1.9664684150724998 Y: -0.31625326362568096
INFO - The wolf moved
DEBUG - Closest sheep no: 6, distance to closest sheep: 1.317
INFO - The wolf is chasing sheep no: 6
DEBUG - Data saved to pos.json
DEBUG - Data saved to alive.csv
INFO - Number of alive sheep: 14
INFO - Round number: 10 started
DEBUG - Sheep number:  1, direction: east
DEBUG - Sheep number: 1, Position: X:7.004 Y:-7.774
DEBUG - Sheep number:  2, direction: east
DEBUG - Sheep number: 2, Position: X:8.281 Y:9.122
DEBUG - Sheep number:  3, direction: north
DEBUG - Sheep number: 3, Position: X:-1.587 Y:9.686
DEBUG - Sheep number:  4, direction: east
DEBUG - Sheep number: 4, Position: X:-6.974 Y:2.277
DEBUG - Sheep number:  5, direction: north
DEBUG - Sheep number: 5, Position: X:4.946 Y:7.099
DEBUG - Sheep number:  6, direction: east
DEBUG - Sheep number: 6, Position: X:-2.339 Y:-0.33
DEBUG - Sheep number:  8, direction: south
DEBUG - Sheep number: 8, Position: X:-7.24 Y:-2.613
DEBUG - Sheep number:  9, direction: north
DEBUG - Sheep number: 9, Position: X:5.609 Y:2.397
DEBUG - Sheep number:  10, direction: west
DEBUG - Sheep number: 10, Position: X:11.432 Y:7.414
DEBUG - Sheep number:  11, direction: east
DEBUG - Sheep number: 11, Position: X:-1.123 Y:8.988
DEBUG - Sheep number:  12, direction: south
DEBUG - Sheep number: 12, Position: X:-9.951 Y:0.522
DEBUG - Sheep number:  13, direction: south
DEBUG - Sheep number: 13, Position: X:7.197 Y:1.233
DEBUG - Sheep number:  14, direction: north
DEBUG - Sheep number: 14, Position: X:5.802 Y:2.305
DEBUG - Sheep number:  15, direction: north
DEBUG - Sheep number: 15, Position: X:-8.106 Y:10.993
INFO - All live sheep moved
DEBUG - New wolf position X: -2.3391676435887874 Y: -0.3302462446255081
INFO - The wolf moved
INFO - The wolf ate sheep no: 6
DEBUG - Data saved to pos.json
DEBUG - Data saved to alive.csv
INFO - Number of alive sheep: 13
INFO - Round number: 11 started
DEBUG - Sheep number:  1, direction: west
DEBUG - Sheep number: 1, Position: X:6.504 Y:-7.774
DEBUG - Sheep number:  2, direction: north
DEBUG - Sheep number: 2, Position: X:8.281 Y:9.622
DEBUG - Sheep number:  3, direction: north
DEBUG - Sheep number: 3, Position: X:-1.587 Y:10.186
DEBUG - Sheep number:  4, direction: north
DEBUG - Sheep number: 4, Position: X:-6.974 Y:2.777
DEBUG - Sheep number:  5, direction: north
DEBUG - Sheep number: 5, Position: X:4.946 Y:7.599
DEBUG - Sheep number:  8, direction: north
DEBUG - Sheep number: 8, Position: X:-7.24 Y:-2.113
DEBUG - Sheep number:  9, direction: west
DEBUG - Sheep number: 9, Position: X:5.109 Y:2.397
DEBUG - Sheep number:  10, direction: west
DEBUG - Sheep number: 10, Position: X:10.932 Y:7.414
DEBUG - Sheep number:  11, direction: south
DEBUG - Sheep number: 11, Position: X:-1.123 Y:8.488
DEBUG - Sheep number:  12, direction: north
DEBUG - Sheep number: 12, Position: X:-9.951 Y:1.022
DEBUG - Sheep number:  13, direction: south
DEBUG - Sheep number: 13, Position: X:7.197 Y:0.733
DEBUG - Sheep number:  14, direction: west
DEBUG - Sheep number: 14, Position: X:5.302 Y:2.305
DEBUG - Sheep number:  15, direction: north
DEBUG - Sheep number: 15, Position: X:-8.106 Y:11.493
INFO - All live sheep moved
DEBUG - New wolf position X: -3.3391676435887874 Y: -0.3302462446255081
INFO - The wolf moved
DEBUG - Closest sheep no: 8, distance to closest sheep: 5.215
INFO - The wolf is chasing sheep no: 8
DEBUG - Data saved to pos.json
DEBUG - Data saved to alive.csv
INFO - Number of alive sheep: 13
INFO - Round number: 12 started
DEBUG - Sheep number:  1, direction: west
DEBUG - Sheep number: 1, Position: X:6.004 Y:-7.774
DEBUG - Sheep number:  2, direction: north
DEBUG - Sheep number: 2, Position: X:8.281 Y:10.122
DEBUG - Sheep number:  3, direction: east
DEBUG - Sheep number: 3, Position: X:-1.087 Y:10.186
DEBUG - Sheep number:  4, direction: south
DEBUG - Sheep number: 4, Position: X:-6.974 Y:2.277
DEBUG - Sheep number:  5, direction: west
DEBUG - Sheep number: 5, Position: X:4.446 Y:7.599
DEBUG - Sheep number:  8, direction: south
DEBUG - Sheep number: 8, Position: X:-7.24 Y:-2.613
DEBUG - Sheep number:  9, direction: north
DEBUG - Sheep number: 9, Position: X:5.109 Y:2.897
DEBUG - Sheep number:  10, direction: north
DEBUG - Sheep number: 10, Position: X:10.932 Y:7.914
DEBUG - Sheep number:  11, direction: north
DEBUG - Sheep number: 11, Position: X:-1.123 Y:8.988
DEBUG - Sheep number:  12, direction: south
DEBUG - Sheep number: 12, Position: X:-9.951 Y:0.522
DEBUG - Sheep number:  13, direction: north
DEBUG - Sheep number: 13, Position: X:7.197 Y:1.233
DEBUG - Sheep number:  14, direction: west
DEBUG - Sheep number: 14, Position: X:4.802 Y:2.305
DEBUG - Sheep number:  15, direction: north
DEBUG - Sheep number: 15, Position: X:-8.106 Y:11.993
INFO - All live sheep moved
DEBUG - New wolf position X: -4.339167643588787 Y: -0.3302462446255081
INFO - The wolf moved
DEBUG - Closest sheep no: 4, distance to closest sheep: 4.473
INFO - The wolf is chasing sheep no: 4
DEBUG - Data saved to pos.json
DEBUG - Data saved to alive.csv
INFO - Number of alive sheep: 13
INFO - Round number: 13 started
DEBUG - Sheep number:  1, direction: south
DEBUG - Sheep number: 1, Position: X:6.004 Y:-8.274
DEBUG - Sheep number:  2, direction: south
DEBUG - Sheep number: 2, Position: X:8.281 Y:9.622
DEBUG - Sheep number:  3, direction: north
DEBUG - Sheep number: 3, Position: X:-1.087 Y:10.686
DEBUG - Sheep number:  4, direction: east
DEBUG - Sheep number: 4, Position: X:-6.474 Y:2.277
DEBUG - Sheep number:  5, direction: south
DEBUG - Sheep number: 5, Position: X:4.446 Y:7.099
DEBUG - Sheep number:  8, direction: east
DEBUG - Sheep number: 8, Position: X:-6.74 Y:-2.613
DEBUG - Sheep number:  9, direction: east
DEBUG - Sheep number: 9, Position: X:5.609 Y:2.897
DEBUG - Sheep number:  10, direction: east
DEBUG - Sheep number: 10, Position: X:11.432 Y:7.914
DEBUG - Sheep number:  11, direction: south
DEBUG - Sheep number: 11, Position: X:-1.123 Y:8.488
DEBUG - Sheep number:  12, direction: west
DEBUG - Sheep number: 12, Position: X:-10.451 Y:0.522
DEBUG - Sheep number:  13, direction: west
DEBUG - Sheep number: 13, Position: X:6.697 Y:1.233
DEBUG - Sheep number:  14, direction: north
DEBUG - Sheep number: 14, Position: X:4.802 Y:2.805
DEBUG - Sheep number:  15, direction: south
DEBUG - Sheep number: 15, Position: X:-8.106 Y:11.493
INFO - All live sheep moved
DEBUG - New wolf position X: -5.339167643588787 Y: -0.3302462446255081
INFO - The wolf moved
DEBUG - Closest sheep no: 8, distance to closest sheep: 3.313
INFO - The wolf is chasing sheep no: 8
DEBUG - Data saved to pos.json
DEBUG - Data saved to alive.csv
INFO - Number of alive sheep: 13
INFO - Round number: 14 started
DEBUG - Sheep number:  1, direction: north
DEBUG - Sheep number: 1, Position: X:6.004 Y:-7.774
DEBUG - Sheep number:  2, direction: east
DEBUG - Sheep number: 2, Position: X:8.781 Y:9.622
DEBUG - Sheep number:  3, direction: south
DEBUG - Sheep number: 3, Position: X:-1.087 Y:10.186
DEBUG - Sheep number:  4, direction: east
DEBUG - Sheep number: 4, Position: X:-5.974 Y:2.277
DEBUG - Sheep number:  5, direction: west
DEBUG - Sheep number: 5, Position: X:3.946 Y:7.099
DEBUG - Sheep number:  8, direction: south
DEBUG - Sheep number: 8, Position: X:-6.74 Y:-3.113
DEBUG - Sheep number:  9, direction: north
DEBUG - Sheep number: 9, Position: X:5.609 Y:3.397
DEBUG - Sheep number:  10, direction: west
DEBUG - Sheep number: 10, Position: X:10.932 Y:7.914
DEBUG - Sheep number:  11, direction: south
DEBUG - Sheep number: 11, Position: X:-1.123 Y:7.988
DEBUG - Sheep number:  12, direction: west
DEBUG - Sheep number: 12, Position: X:-10.951 Y:0.522
DEBUG - Sheep number:  13, direction: east
DEBUG - Sheep number: 13, Position: X:7.197 Y:1.233
DEBUG - Sheep number:  14, direction: north
DEBUG - Sheep number: 14, Position: X:4.802 Y:3.305
DEBUG - Sheep number:  15, direction: south
DEBUG - Sheep number: 15, Position: X:-8.106 Y:10.993
INFO - All live sheep moved
DEBUG - New wolf position X: -5.339167643588787 Y: 0.6697537553744919
INFO - The wolf moved
DEBUG - Closest sheep no: 4, distance to closest sheep: 2.683
INFO - The wolf is chasing sheep no: 4
DEBUG - Data saved to pos.json
DEBUG - Data saved to alive.csv
INFO - Number of alive sheep: 13
INFO - Round number: 15 started
DEBUG - Sheep number:  1, direction: south
DEBUG - Sheep number: 1, Position: X:6.004 Y:-8.274
DEBUG - Sheep number:  2, direction: east
DEBUG - Sheep number: 2, Position: X:9.281 Y:9.622
DEBUG - Sheep number:  3, direction: east
DEBUG - Sheep number: 3, Position: X:-0.587 Y:10.186
DEBUG - Sheep number:  4, direction: north
DEBUG - Sheep number: 4, Position: X:-5.974 Y:2.777
DEBUG - Sheep number:  5, direction: north
DEBUG - Sheep number: 5, Position: X:3.946 Y:7.599
DEBUG - Sheep number:  8, direction: north
DEBUG - Sheep number: 8, Position: X:-6.74 Y:-2.613
DEBUG - Sheep number:  9, direction: south
DEBUG - Sheep number: 9, Position: X:5.609 Y:2.897
DEBUG - Sheep number:  10, direction: east
DEBUG - Sheep number: 10, Position: X:11.432 Y:7.914
DEBUG - Sheep number:  11, direction: south
DEBUG - Sheep number: 11, Position: X:-1.123 Y:7.488
DEBUG - Sheep number:  12, direction: north
DEBUG - Sheep number: 12, Position: X:-10.951 Y:1.022
DEBUG - Sheep number:  13, direction: west
DEBUG - Sheep number: 13, Position: X:6.697 Y:1.233
DEBUG - Sheep number:  14, direction: west
DEBUG - Sheep number: 14, Position: X:4.302 Y:3.305
DEBUG - Sheep number:  15, direction: west
DEBUG - Sheep number: 15, Position: X:-8.606 Y:10.993
INFO - All live sheep moved
DEBUG - New wolf position X: -5.339167643588787 Y: 1.6697537553744919
INFO - The wolf moved
DEBUG - Closest sheep no: 4, distance to closest sheep: 2.2
INFO - The wolf is chasing sheep no: 4
DEBUG - Data saved to pos.json
DEBUG - Data saved to alive.csv
INFO - Number of alive sheep: 13
INFO - Round number: 16 started
DEBUG - Sheep number:  1, direction: north
DEBUG - Sheep number: 1, Position: X:6.004 Y:-7.774
DEBUG - Sheep number:  2, direction: south
DEBUG - Sheep number: 2, Position: X:9.281 Y:9.122
DEBUG - Sheep number:  3, direction: south
DEBUG - Sheep number: 3, Position: X:-0.587 Y:9.686
DEBUG - Sheep number:  4, direction: north
DEBUG - Sheep number: 4, Position: X:-5.974 Y:3.277
DEBUG - Sheep number:  5, direction: north
DEBUG - Sheep number: 5, Position: X:3.946 Y:8.099
DEBUG - Sheep number:  8, direction: south
DEBUG - Sheep number: 8, Position: X:-6.74 Y:-3.113
DEBUG - Sheep number:  9, direction: south
DEBUG - Sheep number: 9, Position: X:5.609 Y:2.397
DEBUG - Sheep number:  10, direction: north
DEBUG - Sheep number: 10, Position: X:11.432 Y:8.414
DEBUG - Sheep number:  11, direction: south
DEBUG - Sheep number: 11, Position: X:-1.123 Y:6.988
DEBUG - Sheep number:  12, direction: east
DEBUG - Sheep number: 12, Position: X:-10.451 Y:1.022
DEBUG - Sheep number:  13, direction: south
DEBUG - Sheep number: 13, Position: X:6.697 Y:0.733
DEBUG - Sheep number:  14, direction: south
DEBUG - Sheep number: 14, Position: X:4.302 Y:2.805
DEBUG - Sheep number:  15, direction: west
DEBUG - Sheep number: 15, Position: X:-9.106 Y:10.993
INFO - All live sheep moved
DEBUG - New wolf position X: -5.339167643588787 Y: 2.669753755374492
INFO - The wolf moved
DEBUG - Closest sheep no: 4, distance to closest sheep: 1.728
INFO - The wolf is chasing sheep no: 4
DEBUG - Data saved to pos.json
DEBUG - Data saved to alive.csv
INFO - Number of alive sheep: 13
INFO - Round number: 17 started
DEBUG - Sheep number:  1, direction: north
DEBUG - Sheep number: 1, Position: X:6.004 Y:-7.274
DEBUG - Sheep number:  2, direction: west
DEBUG - Sheep number: 2, Position: X:8.781 Y:9.122
DEBUG - Sheep number:  3, direction: north
DEBUG - Sheep number: 3, Position: X:-0.587 Y:10.186
DEBUG - Sheep number:  4, direction: east
DEBUG - Sheep number: 4, Position: X:-5.474 Y:3.277
DEBUG - Sheep number:  5, direction: north
DEBUG - Sheep number: 5, Position: X:3.946 Y:8.599
DEBUG - Sheep number:  8, direction: west
DEBUG - Sheep number: 8, Position: X:-7.24 Y:-3.113
DEBUG - Sheep number:  9, direction: east
DEBUG - Sheep number: 9, Position: X:6.109 Y:2.397
DEBUG - Sheep number:  10, direction: south
DEBUG - Sheep number: 10, Position: X:11.432 Y:7.914
DEBUG - Sheep number:  11, direction: south
DEBUG - Sheep number: 11, Position: X:-1.123 Y:6.488
DEBUG - Sheep number:  12, direction: west
DEBUG - Sheep number: 12, Position: X:-10.951 Y:1.022
DEBUG - Sheep number:  13, direction: north
DEBUG - Sheep number: 13, Position: X:6.697 Y:1.233
DEBUG - Sheep number:  14, direction: east
DEBUG - Sheep number: 14, Position: X:4.802 Y:2.805
DEBUG - Sheep number:  15, direction: west
DEBUG - Sheep number: 15, Position: X:-9.606 Y:10.993
INFO - All live sheep moved
DEBUG - New wolf position X: -5.474123053884997 Y: 3.2765703163157163
INFO - The wolf moved
INFO - The wolf ate sheep no: 4
DEBUG - Data saved to pos.json
DEBUG - Data saved to alive.csv
INFO - Number of alive sheep: 12
INFO - Round number: 18 started
DEBUG - Sheep number:  1, direction: south
DEBUG - Sheep number: 1, Position: X:6.004 Y:-7.774
DEBUG - Sheep number:  2, direction: west
DEBUG - Sheep number: 2, Position: X:8.281 Y:9.122
DEBUG - Sheep number:  3, direction: south
DEBUG - Sheep number: 3, Position: X:-0.587 Y:9.686
DEBUG - Sheep number:  5, direction: south
DEBUG - Sheep number: 5, Position: X:3.946 Y:8.099
DEBUG - Sheep number:  8, direction: south
DEBUG - Sheep number: 8, Position: X:-7.24 Y:-3.613
DEBUG - Sheep number:  9, direction: north
DEBUG - Sheep number: 9, Position: X:6.109 Y:2.897
DEBUG - Sheep number:  10, direction: south
DEBUG - Sheep number: 10, Position: X:11.432 Y:7.414
DEBUG - Sheep number:  11, direction: west
DEBUG - Sheep number: 11, Position: X:-1.623 Y:6.488
DEBUG - Sheep number:  12, direction: east
DEBUG - Sheep number: 12, Position: X:-10.451 Y:1.022
DEBUG - Sheep number:  13, direction: south
DEBUG - Sheep number: 13, Position: X:6.697 Y:0.733
DEBUG - Sheep number:  14, direction: south
DEBUG - Sheep number: 14, Position: X:4.802 Y:2.305
DEBUG - Sheep number:  15, direction: south
DEBUG - Sheep number: 15, Position: X:-9.606 Y:10.493
INFO - All live sheep moved
DEBUG - New wolf position X: -4.474123053884997 Y: 3.2765703163157163
INFO - The wolf moved
DEBUG - Closest sheep no: 11, distance to closest sheep: 5.014
INFO - The wolf is chasing sheep no: 11
DEBUG - Data saved to pos.json
DEBUG - Data saved to alive.csv
INFO - Number of alive sheep: 12
INFO - Round number: 19 started
DEBUG - Sheep number:  1, direction: north
DEBUG - Sheep number: 1, Position: X:6.004 Y:-7.274
DEBUG - Sheep number:  2, direction: west
DEBUG - Sheep number: 2, Position: X:7.781 Y:9.122
DEBUG - Sheep number:  3, direction: south
DEBUG - Sheep number: 3, Position: X:-0.587 Y:9.186
DEBUG - Sheep number:  5, direction: north
DEBUG - Sheep number: 5, Position: X:3.946 Y:8.599
DEBUG - Sheep number:  8, direction: east
DEBUG - Sheep number: 8, Position: X:-6.74 Y:-3.613
DEBUG - Sheep number:  9, direction: east
DEBUG - Sheep number: 9, Position: X:6.609 Y:2.897
DEBUG - Sheep number:  10, direction: west
DEBUG - Sheep number: 10, Position: X:10.932 Y:7.414
DEBUG - Sheep number:  11, direction: north
DEBUG - Sheep number: 11, Position: X:-1.623 Y:6.988
DEBUG - Sheep number:  12, direction: south
DEBUG - Sheep number: 12, Position: X:-10.451 Y:0.522
DEBUG - Sheep number:  13, direction: east
DEBUG - Sheep number: 13, Position: X:7.197 Y:0.733
DEBUG - Sheep number:  14, direction: north
DEBUG - Sheep number: 14, Position: X:4.802 Y:2.805
DEBUG - Sheep number:  15, direction: west
DEBUG - Sheep number: 15, Position: X:-10.106 Y:10.493
INFO - All live sheep moved
DEBUG - New wolf position X: -4.474123053884997 Y: 4.276570316315716
INFO - The wolf moved
DEBUG - Closest sheep no: 11, distance to closest sheep: 4.68
INFO - The wolf is chasing sheep no: 11
DEBUG - Data saved to pos.json
DEBUG - Data saved to alive.csv
INFO - Number of alive sheep: 12
INFO - Round number: 20 started
DEBUG - Sheep number:  1, direction: south
DEBUG - Sheep number: 1, Position: X:6.004 Y:-7.774
DEBUG - Sheep number:  2, direction: north
DEBUG - Sheep number: 2, Position: X:7.781 Y:9.622
DEBUG - Sheep number:  3, direction: west
DEBUG - Sheep number: 3, Position: X:-1.087 Y:9.186
DEBUG - Sheep number:  5, direction: west
DEBUG - Sheep number: 5, Position: X:3.446 Y:8.599
DEBUG - Sheep number:  8, direction: north
DEBUG - Sheep number: 8, Position: X:-6.74 Y:-3.113
DEBUG - Sheep number:  9, direction: south
DEBUG - Sheep number: 9, Position: X:6.609 Y:2.397
DEBUG - Sheep number:  10, direction: north
DEBUG - Sheep number: 10, Position: X:10.932 Y:7.914
DEBUG - Sheep number:  11, direction: west
DEBUG - Sheep number: 11, Position: X:-2.123 Y:6.988
DEBUG - Sheep number:  12, direction: east
DEBUG - Sheep number: 12, Position: X:-9.951 Y:0.522
DEBUG - Sheep number:  13, direction: north
DEBUG - Sheep number: 13, Position: X:7.197 Y:1.233
DEBUG - Sheep number:  14, direction: south
DEBUG - Sheep number: 14, Position: X:4.802 Y:2.305
DEBUG - Sheep number:  15, direction: east
DEBUG - Sheep number: 15, Position: X:-9.606 Y:10.493
INFO - All live sheep moved
DEBUG - New wolf position X: -4.474123053884997 Y: 5.276570316315716
INFO - The wolf moved
DEBUG - Closest sheep no: 11, distance to closest sheep: 3.588
INFO - The wolf is chasing sheep no: 11
DEBUG - Data saved to pos.json
DEBUG - Data saved to alive.csv
INFO - Number of alive sheep: 12
INFO - Round number: 21 started
DEBUG - Sheep number:  1, direction: north
DEBUG - Sheep number: 1, Position: X:6.004 Y:-7.274
DEBUG - Sheep number:  2, direction: east
DEBUG - Sheep number: 2, Position: X:8.281 Y:9.622
DEBUG - Sheep number:  3, direction: north
DEBUG - Sheep number: 3, Position: X:-1.087 Y:9.686
DEBUG - Sheep number:  5, direction: north
DEBUG - Sheep number: 5, Position: X:3.446 Y:9.099
DEBUG - Sheep number:  8, direction: east
DEBUG - Sheep number: 8, Position: X:-6.24 Y:-3.113
DEBUG - Sheep number:  9, direction: south
DEBUG - Sheep number: 9, Position: X:6.609 Y:1.897
DEBUG - Sheep number:  10, direction: south
DEBUG - Sheep number: 10, Position: X:10.932 Y:7.414
DEBUG - Sheep number:  11, direction: east
DEBUG - Sheep number: 11, Position: X:-1.623 Y:6.988
DEBUG - Sheep number:  12, direction: east
DEBUG - Sheep number: 12, Position: X:-9.451 Y:0.522
DEBUG - Sheep number:  13, direction: north
DEBUG - Sheep number: 13, Position: X:7.197 Y:1.733
DEBUG - Sheep number:  14, direction: south
DEBUG - Sheep number: 14, Position: X:4.802 Y:1.805
DEBUG - Sheep number:  15, direction: north
DEBUG - Sheep number: 15, Position: X:-9.606 Y:10.993
INFO - All live sheep moved
DEBUG - New wolf position X: -3.4741230538849974 Y: 5.276570316315716
INFO - The wolf moved
DEBUG - Closest sheep no: 11, distance to closest sheep: 3.325
INFO - The wolf is chasing sheep no: 11
DEBUG - Data saved to pos.json
DEBUG - Data saved to alive.csv
INFO - Number of alive sheep: 12
INFO - Round number: 22 started
DEBUG - Sheep number:  1, direction: west
DEBUG - Sheep number: 1, Position: X:5.504 Y:-7.274
DEBUG - Sheep number:  2, direction: south
DEBUG - Sheep number: 2, Position: X:8.281 Y:9.122
DEBUG - Sheep number:  3, direction: north
DEBUG - Sheep number: 3, Position: X:-1.087 Y:10.186
DEBUG - Sheep number:  5, direction: south
DEBUG - Sheep number: 5, Position: X:3.446 Y:8.599
DEBUG - Sheep number:  8, direction: south
DEBUG - Sheep number: 8, Position: X:-6.24 Y:-3.613
DEBUG - Sheep number:  9, direction: south
DEBUG - Sheep number: 9, Position: X:6.609 Y:1.397
DEBUG - Sheep number:  10, direction: north
DEBUG - Sheep number: 10, Position: X:10.932 Y:7.914
DEBUG - Sheep number:  11, direction: east
DEBUG - Sheep number: 11, Position: X:-1.123 Y:6.988
DEBUG - Sheep number:  12, direction: east
DEBUG - Sheep number: 12, Position: X:-8.951 Y:0.522
DEBUG - Sheep number:  13, direction: north
DEBUG - Sheep number: 13, Position: X:7.197 Y:2.233
DEBUG - Sheep number:  14, direction: south
DEBUG - Sheep number: 14, Position: X:4.802 Y:1.305
DEBUG - Sheep number:  15, direction: east
DEBUG - Sheep number: 15, Position: X:-9.106 Y:10.993
INFO - All live sheep moved
DEBUG - New wolf position X: -2.4741230538849974 Y: 5.276570316315716
INFO - The wolf moved
DEBUG - Closest sheep no: 11, distance to closest sheep: 2.908
INFO - The wolf is chasing sheep no: 11
DEBUG - Data saved to pos.json
DEBUG - Data saved to alive.csv
INFO - Number of alive sheep: 12
INFO - Round number: 23 started
DEBUG - Sheep number:  1, direction: north
DEBUG - Sheep number: 1, Position: X:5.504 Y:-6.774
DEBUG - Sheep number:  2, direction: east
DEBUG - Sheep number: 2, Position: X:8.781 Y:9.122
DEBUG - Sheep number:  3, direction: east
DEBUG - Sheep number: 3, Position: X:-0.587 Y:10.186
DEBUG - Sheep number:  5, direction: north
DEBUG - Sheep number: 5, Position: X:3.446 Y:9.099
DEBUG - Sheep number:  8, direction: east
DEBUG - Sheep number: 8, Position: X:-5.74 Y:-3.613
DEBUG - Sheep number:  9, direction: east
DEBUG - Sheep number: 9, Position: X:7.109 Y:1.397
DEBUG - Sheep number:  10, direction: north
DEBUG - Sheep number: 10, Position: X:10.932 Y:8.414
DEBUG - Sheep number:  11, direction: south
DEBUG - Sheep number: 11, Position: X:-1.123 Y:6.488
DEBUG - Sheep number:  12, direction: east
DEBUG - Sheep number: 12, Position: X:-8.451 Y:0.522
DEBUG - Sheep number:  13, direction: west
DEBUG - Sheep number: 13, Position: X:6.697 Y:2.233
DEBUG - Sheep number:  14, direction: south
DEBUG - Sheep number: 14, Position: X:4.802 Y:0.805
DEBUG - Sheep number:  15, direction: north
DEBUG - Sheep number: 15, Position: X:-9.106 Y:11.493
INFO - All live sheep moved
DEBUG - New wolf position X: -1.4741230538849974 Y: 5.276570316315716
INFO - The wolf moved
DEBUG - Closest sheep no: 11, distance to closest sheep: 1.814
INFO - The wolf is chasing sheep no: 11
DEBUG - Data saved to pos.json
DEBUG - Data saved to alive.csv
INFO - Number of alive sheep: 12
INFO - Round number: 24 started
DEBUG - Sheep number:  1, direction: south
DEBUG - Sheep number: 1, Position: X:5.504 Y:-7.274
DEBUG - Sheep number:  2, direction: east
DEBUG - Sheep number: 2, Position: X:9.281 Y:9.122
DEBUG - Sheep number:  3, direction: east
DEBUG - Sheep number: 3, Position: X:-0.087 Y:10.186
DEBUG - Sheep number:  5, direction: north
DEBUG - Sheep number: 5, Position: X:3.446 Y:9.599
DEBUG - Sheep number:  8, direction: north
DEBUG - Sheep number: 8, Position: X:-5.74 Y:-3.113
DEBUG - Sheep number:  9, direction: east
DEBUG - Sheep number: 9, Position: X:7.609 Y:1.397
DEBUG - Sheep number:  10, direction: west
DEBUG - Sheep number: 10, Position: X:10.432 Y:8.414
DEBUG - Sheep number:  11, direction: south
DEBUG - Sheep number: 11, Position: X:-1.123 Y:5.988
DEBUG - Sheep number:  12, direction: east
DEBUG - Sheep number: 12, Position: X:-7.951 Y:0.522
DEBUG - Sheep number:  13, direction: south
DEBUG - Sheep number: 13, Position: X:6.697 Y:1.733
DEBUG - Sheep number:  14, direction: north
DEBUG - Sheep number: 14, Position: X:4.802 Y:1.305
DEBUG - Sheep number:  15, direction: south
DEBUG - Sheep number: 15, Position: X:-9.106 Y:10.993
INFO - All live sheep moved
DEBUG - New wolf position X: -1.1233357469889746 Y: 5.98764206234684
INFO - The wolf moved
INFO - The wolf ate sheep no: 11
DEBUG - Data saved to pos.json
DEBUG - Data saved to alive.csv
INFO - Number of alive sheep: 11
INFO - Round number: 25 started
DEBUG - Sheep number:  1, direction: east
DEBUG - Sheep number: 1, Position: X:6.004 Y:-7.274
DEBUG - Sheep number:  2, direction: south
DEBUG - Sheep number: 2, Position: X:9.281 Y:8.622
DEBUG - Sheep number:  3, direction: west
DEBUG - Sheep number: 3, Position: X:-0.587 Y:10.186
DEBUG - Sheep number:  5, direction: north
DEBUG - Sheep number: 5, Position: X:3.446 Y:10.099
DEBUG - Sheep number:  8, direction: west
DEBUG - Sheep number: 8, Position: X:-6.24 Y:-3.113
DEBUG - Sheep number:  9, direction: east
DEBUG - Sheep number: 9, Position: X:8.109 Y:1.397
DEBUG - Sheep number:  10, direction: south
DEBUG - Sheep number: 10, Position: X:10.432 Y:7.914
DEBUG - Sheep number:  12, direction: east
DEBUG - Sheep number: 12, Position: X:-7.451 Y:0.522
DEBUG - Sheep number:  13, direction: south
DEBUG - Sheep number: 13, Position: X:6.697 Y:1.233
DEBUG - Sheep number:  14, direction: north
DEBUG - Sheep number: 14, Position: X:4.802 Y:1.805
DEBUG - Sheep number:  15, direction: east
DEBUG - Sheep number: 15, Position: X:-8.606 Y:10.993
INFO - All live sheep moved
DEBUG - New wolf position X: -1.1233357469889746 Y: 6.98764206234684
INFO - The wolf moved
DEBUG - Closest sheep no: 3, distance to closest sheep: 4.232
INFO - The wolf is chasing sheep no: 3
DEBUG - Data saved to pos.json
DEBUG - Data saved to alive.csv
INFO - Number of alive sheep: 11
INFO - Round number: 26 started
DEBUG - Sheep number:  1, direction: east
DEBUG - Sheep number: 1, Position: X:6.504 Y:-7.274
DEBUG - Sheep number:  2, direction: east
DEBUG - Sheep number: 2, Position: X:9.781 Y:8.622
DEBUG - Sheep number:  3, direction: west
DEBUG - Sheep number: 3, Position: X:-1.087 Y:10.186
DEBUG - Sheep number:  5, direction: west
DEBUG - Sheep number: 5, Position: X:2.946 Y:10.099
DEBUG - Sheep number:  8, direction: north
DEBUG - Sheep number: 8, Position: X:-6.24 Y:-2.613
DEBUG - Sheep number:  9, direction: north
DEBUG - Sheep number: 9, Position: X:8.109 Y:1.897
DEBUG - Sheep number:  10, direction: east
DEBUG - Sheep number: 10, Position: X:10.932 Y:7.914
DEBUG - Sheep number:  12, direction: east
DEBUG - Sheep number: 12, Position: X:-6.951 Y:0.522
DEBUG - Sheep number:  13, direction: east
DEBUG - Sheep number: 13, Position: X:7.197 Y:1.233
DEBUG - Sheep number:  14, direction: west
DEBUG - Sheep number: 14, Position: X:4.302 Y:1.805
DEBUG - Sheep number:  15, direction: west
DEBUG - Sheep number: 15, Position: X:-9.106 Y:10.993
INFO - All live sheep moved
DEBUG - New wolf position X: -1.1233357469889746 Y: 7.98764206234684
INFO - The wolf moved
DEBUG - Closest sheep no: 3, distance to closest sheep: 3.198
INFO - The wolf is chasing sheep no: 3
DEBUG - Data saved to pos.json
DEBUG - Data saved to alive.csv
INFO - Number of alive sheep: 11
INFO - Round number: 27 started
DEBUG - Sheep number:  1, direction: west
DEBUG - Sheep number: 1, Position: X:6.004 Y:-7.274
DEBUG - Sheep number:  2, direction: west
DEBUG - Sheep number: 2, Position: X:9.281 Y:8.622
DEBUG - Sheep number:  3, direction: south
DEBUG - Sheep number: 3, Position: X:-1.087 Y:9.686
DEBUG - Sheep number:  5, direction: west
DEBUG - Sheep number: 5, Position: X:2.446 Y:10.099
DEBUG - Sheep number:  8, direction: west
DEBUG - Sheep number: 8, Position: X:-6.74 Y:-2.613
DEBUG - Sheep number:  9, direction: south
DEBUG - Sheep number: 9, Position: X:8.109 Y:1.397
DEBUG - Sheep number:  10, direction: north
DEBUG - Sheep number: 10, Position: X:10.932 Y:8.414
DEBUG - Sheep number:  12, direction: north
DEBUG - Sheep number: 12, Position: X:-6.951 Y:1.022
DEBUG - Sheep number:  13, direction: west
DEBUG - Sheep number: 13, Position: X:6.697 Y:1.233
DEBUG - Sheep number:  14, direction: east
DEBUG - Sheep number: 14, Position: X:4.802 Y:1.805
DEBUG - Sheep number:  15, direction: south
DEBUG - Sheep number: 15, Position: X:-9.106 Y:10.493
INFO - All live sheep moved
DEBUG - New wolf position X: -1.1233357469889746 Y: 8.98764206234684
INFO - The wolf moved
DEBUG - Closest sheep no: 3, distance to closest sheep: 1.698
INFO - The wolf is chasing sheep no: 3
DEBUG - Data saved to pos.json
DEBUG - Data saved to alive.csv
INFO - Number of alive sheep: 11
INFO - Round number: 28 started
DEBUG - Sheep number:  1, direction: south
DEBUG - Sheep number: 1, Position: X:6.004 Y:-7.774
DEBUG - Sheep number:  2, direction: east
DEBUG - Sheep number: 2, Position: X:9.781 Y:8.622
DEBUG - Sheep number:  3, direction: south
DEBUG - Sheep number: 3, Position: X:-1.087 Y:9.186
DEBUG - Sheep number:  5, direction: west
DEBUG - Sheep number: 5, Position: X:1.946 Y:10.099
DEBUG - Sheep number:  8, direction: west
DEBUG - Sheep number: 8, Position: X:-7.24 Y:-2.613
DEBUG - Sheep number:  9, direction: east
DEBUG - Sheep number: 9, Position: X:8.609 Y:1.397
DEBUG - Sheep number:  10, direction: east
DEBUG - Sheep number: 10, Position: X:11.432 Y:8.414
DEBUG - Sheep number:  12, direction: south
DEBUG - Sheep number: 12, Position: X:-6.951 Y:0.522
DEBUG - Sheep number:  13, direction: east
DEBUG - Sheep number: 13, Position: X:7.197 Y:1.233
DEBUG - Sheep number:  14, direction: west
DEBUG - Sheep number: 14, Position: X:4.302 Y:1.805
DEBUG - Sheep number:  15, direction: south
DEBUG - Sheep number: 15, Position: X:-9.106 Y:9.993
INFO - All live sheep moved
DEBUG - New wolf position X: -1.0865424694734536 Y: 9.18552207215997
INFO - The wolf moved
INFO - The wolf ate sheep no: 3
DEBUG - Data saved to pos.json
DEBUG - Data saved to alive.csv
INFO - Number of alive sheep: 10
INFO - Round number: 29 started
DEBUG - Sheep number:  1, direction: east
DEBUG - Sheep number: 1, Position: X:6.504 Y:-7.774
DEBUG - Sheep number:  2, direction: north
DEBUG - Sheep number: 2, Position: X:9.781 Y:9.122
DEBUG - Sheep number:  5, direction: east
DEBUG - Sheep number: 5, Position: X:2.446 Y:10.099
DEBUG - Sheep number:  8, direction: east
DEBUG - Sheep number: 8, Position: X:-6.74 Y:-2.613
DEBUG - Sheep number:  9, direction: north
DEBUG - Sheep number: 9, Position: X:8.609 Y:1.897
DEBUG - Sheep number:  10, direction: north
DEBUG - Sheep number: 10, Position: X:11.432 Y:8.914
DEBUG - Sheep number:  12, direction: west
DEBUG - Sheep number: 12, Position: X:-7.451 Y:0.522
DEBUG - Sheep number:  13, direction: west
DEBUG - Sheep number: 13, Position: X:6.697 Y:1.233
DEBUG - Sheep number:  14, direction: south
DEBUG - Sheep number: 14, Position: X:4.302 Y:1.305
DEBUG - Sheep number:  15, direction: east
DEBUG - Sheep number: 15, Position: X:-8.606 Y:9.993
INFO - All live sheep moved
DEBUG - New wolf position X: -0.08654246947345356 Y: 9.18552207215997
INFO - The wolf moved
DEBUG - Closest sheep no: 5, distance to closest sheep: 3.648
INFO - The wolf is chasing sheep no: 5
DEBUG - Data saved to pos.json
DEBUG - Data saved to alive.csv
INFO - Number of alive sheep: 10
INFO - Round number: 30 started
DEBUG - Sheep number:  1, direction: east
DEBUG - Sheep number: 1, Position: X:7.004 Y:-7.774
DEBUG - Sheep number:  2, direction: south
DEBUG - Sheep number: 2, Position: X:9.781 Y:8.622
DEBUG - Sheep number:  5, direction: north
DEBUG - Sheep number: 5, Position: X:2.446 Y:10.599
DEBUG - Sheep number:  8, direction: north
DEBUG - Sheep number: 8, Position: X:-6.74 Y:-2.113
DEBUG - Sheep number:  9, direction: west
DEBUG - Sheep number: 9, Position: X:8.109 Y:1.897
DEBUG - Sheep number:  10, direction: south
DEBUG - Sheep number: 10, Position: X:11.432 Y:8.414
DEBUG - Sheep number:  12, direction: south
DEBUG - Sheep number: 12, Position: X:-7.451 Y:0.022
DEBUG - Sheep number:  13, direction: west
DEBUG - Sheep number: 13, Position: X:6.197 Y:1.233
DEBUG - Sheep number:  14, direction: north
DEBUG - Sheep number: 14, Position: X:4.302 Y:1.805
DEBUG - Sheep number:  15, direction: west
DEBUG - Sheep number: 15, Position: X:-9.106 Y:9.993
INFO - All live sheep moved
DEBUG - New wolf position X: 0.9134575305265464 Y: 9.18552207215997
INFO - The wolf moved
DEBUG - Closest sheep no: 5, distance to closest sheep: 2.9
INFO - The wolf is chasing sheep no: 5
DEBUG - Data saved to pos.json
DEBUG - Data saved to alive.csv
INFO - Number of alive sheep: 10
INFO - Round number: 31 started
DEBUG - Sheep number:  1, direction: west
DEBUG - Sheep number: 1, Position: X:6.504 Y:-7.774
DEBUG - Sheep number:  2, direction: west
DEBUG - Sheep number: 2, Position: X:9.281 Y:8.622
DEBUG - Sheep number:  5, direction: west
DEBUG - Sheep number: 5, Position: X:1.946 Y:10.599
DEBUG - Sheep number:  8, direction: south
DEBUG - Sheep number: 8, Position: X:-6.74 Y:-2.613
DEBUG - Sheep number:  9, direction: north
DEBUG - Sheep number: 9, Position: X:8.109 Y:2.397
DEBUG - Sheep number:  10, direction: east
DEBUG - Sheep number: 10, Position: X:11.932 Y:8.414
DEBUG - Sheep number:  12, direction: west
DEBUG - Sheep number: 12, Position: X:-7.951 Y:0.022
DEBUG - Sheep number:  13, direction: east
DEBUG - Sheep number: 13, Position: X:6.697 Y:1.233
DEBUG - Sheep number:  14, direction: north
DEBUG - Sheep number: 14, Position: X:4.302 Y:2.305
DEBUG - Sheep number:  15, direction: east
DEBUG - Sheep number: 15, Position: X:-8.606 Y:9.993
INFO - All live sheep moved
DEBUG - New wolf position X: 0.9134575305265464 Y: 10.18552207215997
INFO - The wolf moved
DEBUG - Closest sheep no: 5, distance to closest sheep: 1.75
INFO - The wolf is chasing sheep no: 5
DEBUG - Data saved to pos.json
DEBUG - Data saved to alive.csv
INFO - Number of alive sheep: 10
INFO - Round number: 32 started
DEBUG - Sheep number:  1, direction: south
DEBUG - Sheep number: 1, Position: X:6.504 Y:-8.274
DEBUG - Sheep number:  2, direction: south
DEBUG - Sheep number: 2, Position: X:9.281 Y:8.122
DEBUG - Sheep number:  5, direction: north
DEBUG - Sheep number: 5, Position: X:1.946 Y:11.099
DEBUG - Sheep number:  8, direction: south
DEBUG - Sheep number: 8, Position: X:-6.74 Y:-3.113
DEBUG - Sheep number:  9, direction: south
DEBUG - Sheep number: 9, Position: X:8.109 Y:1.897
DEBUG - Sheep number:  10, direction: east
DEBUG - Sheep number: 10, Position: X:12.432 Y:8.414
DEBUG - Sheep number:  12, direction: west
DEBUG - Sheep number: 12, Position: X:-8.451 Y:0.022
DEBUG - Sheep number:  13, direction: south
DEBUG - Sheep number: 13, Position: X:6.697 Y:0.733
DEBUG - Sheep number:  14, direction: north
DEBUG - Sheep number: 14, Position: X:4.302 Y:2.805
DEBUG - Sheep number:  15, direction: north
DEBUG - Sheep number: 15, Position: X:-8.606 Y:10.493
INFO - All live sheep moved
DEBUG - New wolf position X: 1.9134575305265464 Y: 10.18552207215997
INFO - The wolf moved
DEBUG - Closest sheep no: 5, distance to closest sheep: 1.378
INFO - The wolf is chasing sheep no: 5
DEBUG - Data saved to pos.json
DEBUG - Data saved to alive.csv
INFO - Number of alive sheep: 10
INFO - Round number: 33 started
DEBUG - Sheep number:  1, direction: north
DEBUG - Sheep number: 1, Position: X:6.504 Y:-7.774
DEBUG - Sheep number:  2, direction: south
DEBUG - Sheep number: 2, Position: X:9.281 Y:7.622
DEBUG - Sheep number:  5, direction: south
DEBUG - Sheep number: 5, Position: X:1.946 Y:10.599
DEBUG - Sheep number:  8, direction: west
DEBUG - Sheep number: 8, Position: X:-7.24 Y:-3.113
DEBUG - Sheep number:  9, direction: west
DEBUG - Sheep number: 9, Position: X:7.609 Y:1.897
DEBUG - Sheep number:  10, direction: south
DEBUG - Sheep number: 10, Position: X:12.432 Y:7.914
DEBUG - Sheep number:  12, direction: east
DEBUG - Sheep number: 12, Position: X:-7.951 Y:0.022
DEBUG - Sheep number:  13, direction: north
DEBUG - Sheep number: 13, Position: X:6.697 Y:1.233
DEBUG - Sheep number:  14, direction: west
DEBUG - Sheep number: 14, Position: X:3.802 Y:2.805
DEBUG - Sheep number:  15, direction: east
DEBUG - Sheep number: 15, Position: X:-8.106 Y:10.493
INFO - All live sheep moved
DEBUG - New wolf position X: 1.945597872986518 Y: 10.59862311674366
INFO - The wolf moved
INFO - The wolf ate sheep no: 5
DEBUG - Data saved to pos.json
DEBUG - Data saved to alive.csv
INFO - Number of alive sheep: 9
INFO - Round number: 34 started
DEBUG - Sheep number:  1, direction: south
DEBUG - Sheep number: 1, Position: X:6.504 Y:-8.274
DEBUG - Sheep number:  2, direction: north
DEBUG - Sheep number: 2, Position: X:9.281 Y:8.122
DEBUG - Sheep number:  8, direction: north
DEBUG - Sheep number: 8, Position: X:-7.24 Y:-2.613
DEBUG - Sheep number:  9, direction: east
DEBUG - Sheep number: 9, Position: X:8.109 Y:1.897
DEBUG - Sheep number:  10, direction: east
DEBUG - Sheep number: 10, Position: X:12.932 Y:7.914
DEBUG - Sheep number:  12, direction: north
DEBUG - Sheep number: 12, Position: X:-7.951 Y:0.522
DEBUG - Sheep number:  13, direction: west
DEBUG - Sheep number: 13, Position: X:6.197 Y:1.233
DEBUG - Sheep number:  14, direction: east
DEBUG - Sheep number: 14, Position: X:4.302 Y:2.805
DEBUG - Sheep number:  15, direction: east
DEBUG - Sheep number: 15, Position: X:-7.606 Y:10.493
INFO - All live sheep moved
DEBUG - New wolf position X: 2.945597872986518 Y: 10.59862311674366
INFO - The wolf moved
DEBUG - Closest sheep no: 2, distance to closest sheep: 7.742
INFO - The wolf is chasing sheep no: 2
DEBUG - Data saved to pos.json
DEBUG - Data saved to alive.csv
INFO - Number of alive sheep: 9
INFO - Round number: 35 started
DEBUG - Sheep number:  1, direction: south
DEBUG - Sheep number: 1, Position: X:6.504 Y:-8.774
DEBUG - Sheep number:  2, direction: west
DEBUG - Sheep number: 2, Position: X:8.781 Y:8.122
DEBUG - Sheep number:  8, direction: north
DEBUG - Sheep number: 8, Position: X:-7.24 Y:-2.113
DEBUG - Sheep number:  9, direction: north
DEBUG - Sheep number: 9, Position: X:8.109 Y:2.397
DEBUG - Sheep number:  10, direction: west
DEBUG - Sheep number: 10, Position: X:12.432 Y:7.914
DEBUG - Sheep number:  12, direction: east
DEBUG - Sheep number: 12, Position: X:-7.451 Y:0.522
DEBUG - Sheep number:  13, direction: east
DEBUG - Sheep number: 13, Position: X:6.697 Y:1.233
DEBUG - Sheep number:  14, direction: north
DEBUG - Sheep number: 14, Position: X:4.302 Y:3.305
DEBUG - Sheep number:  15, direction: east
DEBUG - Sheep number: 15, Position: X:-7.106 Y:10.493
INFO - All live sheep moved
DEBUG - New wolf position X: 3.945597872986518 Y: 10.59862311674366
INFO - The wolf moved
DEBUG - Closest sheep no: 2, distance to closest sheep: 6.339
INFO - The wolf is chasing sheep no: 2
DEBUG - Data saved to pos.json
DEBUG - Data saved to alive.csv
INFO - Number of alive sheep: 9
INFO - Round number: 36 started
DEBUG - Sheep number:  1, direction: east
DEBUG - Sheep number: 1, Position: X:7.004 Y:-8.774
DEBUG - Sheep number:  2, direction: south
DEBUG - Sheep number: 2, Position: X:8.781 Y:7.622
DEBUG - Sheep number:  8, direction: east
DEBUG - Sheep number: 8, Position: X:-6.74 Y:-2.113
DEBUG - Sheep number:  9, direction: east
DEBUG - Sheep number: 9, Position: X:8.609 Y:2.397
DEBUG - Sheep number:  10, direction: south
DEBUG - Sheep number: 10, Position: X:12.432 Y:7.414
DEBUG - Sheep number:  12, direction: south
DEBUG - Sheep number: 12, Position: X:-7.451 Y:0.022
DEBUG - Sheep number:  13, direction: east
DEBUG - Sheep number: 13, Position: X:7.197 Y:1.233
DEBUG - Sheep number:  14, direction: south
DEBUG - Sheep number: 14, Position: X:4.302 Y:2.805
DEBUG - Sheep number:  15, direction: south
DEBUG - Sheep number: 15, Position: X:-7.106 Y:9.993
INFO - All live sheep moved
DEBUG - New wolf position X: 4.945597872986518 Y: 10.59862311674366
INFO - The wolf moved
DEBUG - Closest sheep no: 2, distance to closest sheep: 5.678
INFO - The wolf is chasing sheep no: 2
DEBUG - Data saved to pos.json
DEBUG - Data saved to alive.csv
INFO - Number of alive sheep: 9
INFO - Round number: 37 started
DEBUG - Sheep number:  1, direction: east
DEBUG - Sheep number: 1, Position: X:7.504 Y:-8.774
DEBUG - Sheep number:  2, direction: east
DEBUG - Sheep number: 2, Position: X:9.281 Y:7.622
DEBUG - Sheep number:  8, direction: north
DEBUG - Sheep number: 8, Position: X:-6.74 Y:-1.613
DEBUG - Sheep number:  9, direction: south
DEBUG - Sheep number: 9, Position: X:8.609 Y:1.897
DEBUG - Sheep number:  10, direction: south
DEBUG - Sheep number: 10, Position: X:12.432 Y:6.914
DEBUG - Sheep number:  12, direction: north
DEBUG - Sheep number: 12, Position: X:-7.451 Y:0.522
DEBUG - Sheep number:  13, direction: west
DEBUG - Sheep number: 13, Position: X:6.697 Y:1.233
DEBUG - Sheep number:  14, direction: south
DEBUG - Sheep number: 14, Position: X:4.302 Y:2.305
DEBUG - Sheep number:  15, direction: east
DEBUG - Sheep number: 15, Position: X:-6.606 Y:9.993
INFO - All live sheep moved
DEBUG - New wolf position X: 5.945597872986518 Y: 10.59862311674366
INFO - The wolf moved
DEBUG - Closest sheep no: 2, distance to closest sheep: 5.259
INFO - The wolf is chasing sheep no: 2
DEBUG - Data saved to pos.json
DEBUG - Data saved to alive.csv
INFO - Number of alive sheep: 9
INFO - Round number: 38 started
DEBUG - Sheep number:  1, direction: west
DEBUG - Sheep number: 1, Position: X:7.004 Y:-8.774
DEBUG - Sheep number:  2, direction: north
DEBUG - Sheep number: 2, Position: X:9.281 Y:8.122
DEBUG - Sheep number:  8, direction: east
DEBUG - Sheep number: 8, Position: X:-6.24 Y:-1.613
DEBUG - Sheep number:  9, direction: west
DEBUG - Sheep number: 9, Position: X:8.109 Y:1.897
DEBUG - Sheep number:  10, direction: west
DEBUG - Sheep number: 10, Position: X:11.932 Y:6.914
DEBUG - Sheep number:  12, direction: north
DEBUG - Sheep number: 12, Position: X:-7.451 Y:1.022
DEBUG - Sheep number:  13, direction: south
DEBUG - Sheep number: 13, Position: X:6.697 Y:0.733
DEBUG - Sheep number:  14, direction: east
DEBUG - Sheep number: 14, Position: X:4.802 Y:2.305
DEBUG - Sheep number:  15, direction: west
DEBUG - Sheep number: 15, Position: X:-7.106 Y:9.993
INFO - All live sheep moved
DEBUG - New wolf position X: 6.945597872986518 Y: 10.59862311674366
INFO - The wolf moved
DEBUG - Closest sheep no: 2, distance to closest sheep: 4.155
INFO - The wolf is chasing sheep no: 2
DEBUG - Data saved to pos.json
DEBUG - Data saved to alive.csv
INFO - Number of alive sheep: 9
INFO - Round number: 39 started
DEBUG - Sheep number:  1, direction: south
DEBUG - Sheep number: 1, Position: X:7.004 Y:-9.274
DEBUG - Sheep number:  2, direction: south
DEBUG - Sheep number: 2, Position: X:9.281 Y:7.622
DEBUG - Sheep number:  8, direction: south
DEBUG - Sheep number: 8, Position: X:-6.24 Y:-2.113
DEBUG - Sheep number:  9, direction: north
DEBUG - Sheep number: 9, Position: X:8.109 Y:2.397
DEBUG - Sheep number:  10, direction: north
DEBUG - Sheep number: 10, Position: X:11.932 Y:7.414
DEBUG - Sheep number:  12, direction: south
DEBUG - Sheep number: 12, Position: X:-7.451 Y:0.522
DEBUG - Sheep number:  13, direction: east
DEBUG - Sheep number: 13, Position: X:7.197 Y:0.733
DEBUG - Sheep number:  14, direction: north
DEBUG - Sheep number: 14, Position: X:4.802 Y:2.805
DEBUG - Sheep number:  15, direction: north
DEBUG - Sheep number: 15, Position: X:-7.106 Y:10.493
INFO - All live sheep moved
DEBUG - New wolf position X: 6.945597872986518 Y: 9.59862311674366
INFO - The wolf moved
DEBUG - Closest sheep no: 2, distance to closest sheep: 3.784
INFO - The wolf is chasing sheep no: 2
DEBUG - Data saved to pos.json
DEBUG - Data saved to alive.csv
INFO - Number of alive sheep: 9
INFO - Round number: 40 started
DEBUG - Sheep number:  1, direction: south
DEBUG - Sheep number: 1, Position: X:7.004 Y:-9.774
DEBUG - Sheep number:  2, direction: east
DEBUG - Sheep number: 2, Position: X:9.781 Y:7.622
DEBUG - Sheep number:  8, direction: west
DEBUG - Sheep number: 8, Position: X:-6.74 Y:-2.113
DEBUG - Sheep number:  9, direction: north
DEBUG - Sheep number: 9, Position: X:8.109 Y:2.897
DEBUG - Sheep number:  10, direction: west
DEBUG - Sheep number: 10, Position: X:11.432 Y:7.414
DEBUG - Sheep number:  12, direction: north
DEBUG - Sheep number: 12, Position: X:-7.451 Y:1.022
DEBUG - Sheep number:  13, direction: east
DEBUG - Sheep number: 13, Position: X:7.697 Y:0.733
DEBUG - Sheep number:  14, direction: north
DEBUG - Sheep number: 14, Position: X:4.802 Y:3.305
DEBUG - Sheep number:  15, direction: north
DEBUG - Sheep number: 15, Position: X:-7.106 Y:10.993
INFO - All live sheep moved
DEBUG - New wolf position X: 7.945597872986518 Y: 9.59862311674366
INFO - The wolf moved
DEBUG - Closest sheep no: 2, distance to closest sheep: 3.457
INFO - The wolf is chasing sheep no: 2
DEBUG - Data saved to pos.json
DEBUG - Data saved to alive.csv
INFO - Number of alive sheep: 9
INFO - Round number: 41 started
DEBUG - Sheep number:  1, direction: south
DEBUG - Sheep number: 1, Position: X:7.004 Y:-10.274
DEBUG - Sheep number:  2, direction: south
DEBUG - Sheep number: 2, Position: X:9.781 Y:7.122
DEBUG - Sheep number:  8, direction: east
DEBUG - Sheep number: 8, Position: X:-6.24 Y:-2.113
DEBUG - Sheep number:  9, direction: west
DEBUG - Sheep number: 9, Position: X:7.609 Y:2.897
DEBUG - Sheep number:  10, direction: north
DEBUG - Sheep number: 10, Position: X:11.432 Y:7.914
DEBUG - Sheep number:  12, direction: west
DEBUG - Sheep number: 12, Position: X:-7.951 Y:1.022
DEBUG - Sheep number:  13, direction: north
DEBUG - Sheep number: 13, Position: X:7.697 Y:1.233
DEBUG - Sheep number:  14, direction: south
DEBUG - Sheep number: 14, Position: X:4.802 Y:2.805
DEBUG - Sheep number:  15, direction: east
DEBUG - Sheep number: 15, Position: X:-6.606 Y:10.993
INFO - All live sheep moved
DEBUG - New wolf position X: 7.945597872986518 Y: 8.59862311674366
INFO - The wolf moved
DEBUG - Closest sheep no: 2, distance to closest sheep: 3.083
INFO - The wolf is chasing sheep no: 2
DEBUG - Data saved to pos.json
DEBUG - Data saved to alive.csv
INFO - Number of alive sheep: 9
INFO - Round number: 42 started
DEBUG - Sheep number:  1, direction: south
DEBUG - Sheep number: 1, Position: X:7.004 Y:-10.774
DEBUG - Sheep number:  2, direction: west
DEBUG - Sheep number: 2, Position: X:9.281 Y:7.122
DEBUG - Sheep number:  8, direction: north
DEBUG - Sheep number: 8, Position: X:-6.24 Y:-1.613
DEBUG - Sheep number:  9, direction: north
DEBUG - Sheep number: 9, Position: X:7.609 Y:3.397
DEBUG - Sheep number:  10, direction: north
DEBUG - Sheep number: 10, Position: X:11.432 Y:8.414
DEBUG - Sheep number:  12, direction: south
DEBUG - Sheep number: 12, Position: X:-7.951 Y:0.522
DEBUG - Sheep number:  13, direction: north
DEBUG - Sheep number: 13, Position: X:7.697 Y:1.733
DEBUG - Sheep number:  14, direction: east
DEBUG - Sheep number: 14, Position: X:5.302 Y:2.805
DEBUG - Sheep number:  15, direction: north
DEBUG - Sheep number: 15, Position: X:-6.606 Y:11.493
INFO - All live sheep moved
DEBUG - New wolf position X: 7.945597872986518 Y: 7.59862311674366
INFO - The wolf moved
DEBUG - Closest sheep no: 2, distance to closest sheep: 1.991
INFO - The wolf is chasing sheep no: 2
DEBUG - Data saved to pos.json
DEBUG - Data saved to alive.csv
INFO - Number of alive sheep: 9
INFO - Round number: 43 started
DEBUG - Sheep number:  1, direction: south
DEBUG - Sheep number: 1, Position: X:7.004 Y:-11.274
DEBUG - Sheep number:  2, direction: south
DEBUG - Sheep number: 2, Position: X:9.281 Y:6.622
DEBUG - Sheep number:  8, direction: east
DEBUG - Sheep number: 8, Position: X:-5.74 Y:-1.613
DEBUG - Sheep number:  9, direction: north
DEBUG - Sheep number: 9, Position: X:7.609 Y:3.897
DEBUG - Sheep number:  10, direction: north
DEBUG - Sheep number: 10, Position: X:11.432 Y:8.914
DEBUG - Sheep number:  12, direction: west
DEBUG - Sheep number: 12, Position: X:-8.451 Y:0.522
DEBUG - Sheep number:  13, direction: north
DEBUG - Sheep number: 13, Position: X:7.697 Y:2.233
DEBUG - Sheep number:  14, direction: north
DEBUG - Sheep number: 14, Position: X:5.302 Y:3.305
DEBUG - Sheep number:  15, direction: south
DEBUG - Sheep number: 15, Position: X:-6.606 Y:10.993
INFO - All live sheep moved
DEBUG - New wolf position X: 8.945597872986518 Y: 7.59862311674366
INFO - The wolf moved
DEBUG - Closest sheep no: 2, distance to closest sheep: 1.655
INFO - The wolf is chasing sheep no: 2
DEBUG - Data saved to pos.json
DEBUG - Data saved to alive.csv
INFO - Number of alive sheep: 9
INFO - Round number: 44 started
DEBUG - Sheep number:  1, direction: east
DEBUG - Sheep number: 1, Position: X:7.504 Y:-11.274
DEBUG - Sheep number:  2, direction: east
DEBUG - Sheep number: 2, Position: X:9.781 Y:6.622
DEBUG - Sheep number:  8, direction: north
DEBUG - Sheep number: 8, Position: X:-5.74 Y:-1.113
DEBUG - Sheep number:  9, direction: north
DEBUG - Sheep number: 9, Position: X:7.609 Y:4.397
DEBUG - Sheep number:  10, direction: south
DEBUG - Sheep number: 10, Position: X:11.432 Y:8.414
DEBUG - Sheep number:  12, direction: east
DEBUG - Sheep number: 12, Position: X:-7.951 Y:0.522
DEBUG - Sheep number:  13, direction: east
DEBUG - Sheep number: 13, Position: X:8.197 Y:2.233
DEBUG - Sheep number:  14, direction: east
DEBUG - Sheep number: 14, Position: X:5.802 Y:3.305
DEBUG - Sheep number:  15, direction: east
DEBUG - Sheep number: 15, Position: X:-6.106 Y:10.993
INFO - All live sheep moved
DEBUG - New wolf position X: 8.945597872986518 Y: 6.59862311674366
INFO - The wolf moved
DEBUG - Closest sheep no: 2, distance to closest sheep: 1.285
INFO - The wolf is chasing sheep no: 2
DEBUG - Data saved to pos.json
DEBUG - Data saved to alive.csv
INFO - Number of alive sheep: 9
INFO - Round number: 45 started
DEBUG - Sheep number:  1, direction: south
DEBUG - Sheep number: 1, Position: X:7.504 Y:-11.774
DEBUG - Sheep number:  2, direction: east
DEBUG - Sheep number: 2, Position: X:10.281 Y:6.622
DEBUG - Sheep number:  8, direction: north
DEBUG - Sheep number: 8, Position: X:-5.74 Y:-0.613
DEBUG - Sheep number:  9, direction: east
DEBUG - Sheep number: 9, Position: X:8.109 Y:4.397
DEBUG - Sheep number:  10, direction: east
DEBUG - Sheep number: 10, Position: X:11.932 Y:8.414
DEBUG - Sheep number:  12, direction: west
DEBUG - Sheep number: 12, Position: X:-8.451 Y:0.522
DEBUG - Sheep number:  13, direction: west
DEBUG - Sheep number: 13, Position: X:7.697 Y:2.233
DEBUG - Sheep number:  14, direction: north
DEBUG - Sheep number: 14, Position: X:5.802 Y:3.805
DEBUG - Sheep number:  15, direction: west
DEBUG - Sheep number: 15, Position: X:-6.606 Y:10.993
INFO - All live sheep moved
DEBUG - New wolf position X: 9.945597872986518 Y: 6.59862311674366
INFO - The wolf moved
DEBUG - Closest sheep no: 2, distance to closest sheep: 1.335
INFO - The wolf is chasing sheep no: 2
DEBUG - Data saved to pos.json
DEBUG - Data saved to alive.csv
INFO - Number of alive sheep: 9
INFO - Round number: 46 started
DEBUG - Sheep number:  1, direction: south
DEBUG - Sheep number: 1, Position: X:7.504 Y:-12.274
DEBUG - Sheep number:  2, direction: west
DEBUG - Sheep number: 2, Position: X:9.781 Y:6.622
DEBUG - Sheep number:  8, direction: west
DEBUG - Sheep number: 8, Position: X:-6.24 Y:-0.613
DEBUG - Sheep number:  9, direction: west
DEBUG - Sheep number: 9, Position: X:7.609 Y:4.397
DEBUG - Sheep number:  10, direction: west
DEBUG - Sheep number: 10, Position: X:11.432 Y:8.414
DEBUG - Sheep number:  12, direction: east
DEBUG - Sheep number: 12, Position: X:-7.951 Y:0.522
DEBUG - Sheep number:  13, direction: west
DEBUG - Sheep number: 13, Position: X:7.197 Y:2.233
DEBUG - Sheep number:  14, direction: south
DEBUG - Sheep number: 14, Position: X:5.802 Y:3.305
DEBUG - Sheep number:  15, direction: west
DEBUG - Sheep number: 15, Position: X:-7.106 Y:10.993
INFO - All live sheep moved
DEBUG - New wolf position X: 9.78087149514294 Y: 6.621545522328816
INFO - The wolf moved
INFO - The wolf ate sheep no: 2
DEBUG - Data saved to pos.json
DEBUG - Data saved to alive.csv
INFO - Number of alive sheep: 8
INFO - Round number: 47 started
DEBUG - Sheep number:  1, direction: east
DEBUG - Sheep number: 1, Position: X:8.004 Y:-12.274
DEBUG - Sheep number:  8, direction: east
DEBUG - Sheep number: 8, Position: X:-5.74 Y:-0.613
DEBUG - Sheep number:  9, direction: south
DEBUG - Sheep number: 9, Position: X:7.609 Y:3.897
DEBUG - Sheep number:  10, direction: west
DEBUG - Sheep number: 10, Position: X:10.932 Y:8.414
DEBUG - Sheep number:  12, direction: north
DEBUG - Sheep number: 12, Position: X:-7.951 Y:1.022
DEBUG - Sheep number:  13, direction: west
DEBUG - Sheep number: 13, Position: X:6.697 Y:2.233
DEBUG - Sheep number:  14, direction: east
DEBUG - Sheep number: 14, Position: X:6.302 Y:3.305
DEBUG - Sheep number:  15, direction: north
DEBUG - Sheep number: 15, Position: X:-7.106 Y:11.493
INFO - All live sheep moved
DEBUG - New wolf position X: 9.78087149514294 Y: 7.621545522328816
INFO - The wolf moved
DEBUG - Closest sheep no: 10, distance to closest sheep: 2.13
INFO - The wolf is chasing sheep no: 10
DEBUG - Data saved to pos.json
DEBUG - Data saved to alive.csv
INFO - Number of alive sheep: 8
INFO - Round number: 48 started
DEBUG - Sheep number:  1, direction: north
DEBUG - Sheep number: 1, Position: X:8.004 Y:-11.774
DEBUG - Sheep number:  8, direction: east
DEBUG - Sheep number: 8, Position: X:-5.24 Y:-0.613
DEBUG - Sheep number:  9, direction: west
DEBUG - Sheep number: 9, Position: X:7.109 Y:3.897
DEBUG - Sheep number:  10, direction: east
DEBUG - Sheep number: 10, Position: X:11.432 Y:8.414
DEBUG - Sheep number:  12, direction: south
DEBUG - Sheep number: 12, Position: X:-7.951 Y:0.522
DEBUG - Sheep number:  13, direction: east
DEBUG - Sheep number: 13, Position: X:7.197 Y:2.233
DEBUG - Sheep number:  14, direction: south
DEBUG - Sheep number: 14, Position: X:6.302 Y:2.805
DEBUG - Sheep number:  15, direction: west
DEBUG - Sheep number: 15, Position: X:-7.606 Y:11.493
INFO - All live sheep moved
DEBUG - New wolf position X: 10.78087149514294 Y: 7.621545522328816
INFO - The wolf moved
DEBUG - Closest sheep no: 10, distance to closest sheep: 1.831
INFO - The wolf is chasing sheep no: 10
DEBUG - Data saved to pos.json
DEBUG - Data saved to alive.csv
INFO - Number of alive sheep: 8
INFO - Round number: 49 started
DEBUG - Sheep number:  1, direction: south
DEBUG - Sheep number: 1, Position: X:8.004 Y:-12.274
DEBUG - Sheep number:  8, direction: north
DEBUG - Sheep number: 8, Position: X:-5.24 Y:-0.113
DEBUG - Sheep number:  9, direction: west
DEBUG - Sheep number: 9, Position: X:6.609 Y:3.897
DEBUG - Sheep number:  10, direction: east
DEBUG - Sheep number: 10, Position: X:11.932 Y:8.414
DEBUG - Sheep number:  12, direction: east
DEBUG - Sheep number: 12, Position: X:-7.451 Y:0.522
DEBUG - Sheep number:  13, direction: north
DEBUG - Sheep number: 13, Position: X:7.197 Y:2.733
DEBUG - Sheep number:  14, direction: north
DEBUG - Sheep number: 14, Position: X:6.302 Y:3.305
DEBUG - Sheep number:  15, direction: north
DEBUG - Sheep number: 15, Position: X:-7.606 Y:11.993
INFO - All live sheep moved
DEBUG - New wolf position X: 11.78087149514294 Y: 7.621545522328816
INFO - The wolf moved
DEBUG - Closest sheep no: 10, distance to closest sheep: 1.397
INFO - The wolf is chasing sheep no: 10
DEBUG - Data saved to pos.json
DEBUG - Data saved to alive.csv
INFO - Number of alive sheep: 8
INFO - Round number: 50 started
DEBUG - Sheep number:  1, direction: west
DEBUG - Sheep number: 1, Position: X:7.504 Y:-12.274
DEBUG - Sheep number:  8, direction: west
DEBUG - Sheep number: 8, Position: X:-5.74 Y:-0.113
DEBUG - Sheep number:  9, direction: east
DEBUG - Sheep number: 9, Position: X:7.109 Y:3.897
DEBUG - Sheep number:  10, direction: west
DEBUG - Sheep number: 10, Position: X:11.432 Y:8.414
DEBUG - Sheep number:  12, direction: south
DEBUG - Sheep number: 12, Position: X:-7.451 Y:0.022
DEBUG - Sheep number:  13, direction: south
DEBUG - Sheep number: 13, Position: X:7.197 Y:2.233
DEBUG - Sheep number:  14, direction: south
DEBUG - Sheep number: 14, Position: X:6.302 Y:2.805
DEBUG - Sheep number:  15, direction: west
DEBUG - Sheep number: 15, Position: X:-8.106 Y:11.993
INFO - All live sheep moved
DEBUG - New wolf position X: 11.431643727284353 Y: 8.414413267043766
INFO - The wolf moved
INFO - The wolf ate sheep no: 10
DEBUG - Data saved to pos.json
DEBUG - Data saved to alive.csv
INFO - Number of alive sheep: 7
INFO - End of simulation - a predetermined maximum number of rounds has been reached
